[INFO  - 2018-04-16T02:22:17.627Z] GhostDriver - Main - running on port 46267
[INFO  - 2018-04-16T02:22:18.014Z] Session [fc267a70-411c-11e8-aaf4-fd43c6b6e1aa] - page.settings - {"XSSAuditingEnabled":false,"javascriptCanCloseWindows":true,"javascriptCanOpenWindows":true,"javascriptEnabled":true,"loadImages":true,"localToRemoteUrlAccessEnabled":false,"userAgent":"Mozilla/5.0 (Windows NT 6.1; WOW64) AppleWebKit/538.1 (KHTML, like Gecko) PhantomJS/2.1.1 Safari/538.1","webSecurityEnabled":true}
[INFO  - 2018-04-16T02:22:18.015Z] Session [fc267a70-411c-11e8-aaf4-fd43c6b6e1aa] - page.customHeaders:  - {}
[INFO  - 2018-04-16T02:22:18.015Z] Session [fc267a70-411c-11e8-aaf4-fd43c6b6e1aa] - Session.negotiatedCapabilities - {"browserName":"phantomjs","version":"2.1.1","driverName":"ghostdriver","driverVersion":"1.2.0","platform":"windows-7-32bit","javascriptEnabled":true,"takesScreenshot":true,"handlesAlerts":false,"databaseEnabled":false,"locationContextEnabled":false,"applicationCacheEnabled":false,"browserConnectionEnabled":false,"cssSelectorsEnabled":true,"webStorageEnabled":false,"rotatable":false,"acceptSslCerts":false,"nativeEvents":true,"proxy":{"proxyType":"direct"}}
[INFO  - 2018-04-16T02:22:18.015Z] SessionManagerReqHand - _postNewSessionCommand - New Session Created: fc267a70-411c-11e8-aaf4-fd43c6b6e1aa
[INFO  - 2018-04-16T02:27:17.626Z] SessionManagerReqHand - _cleanupWindowlessSessions - Asynchronous Sessions clean-up phase starting NOW
[INFO  - 2018-04-16T02:27:17.628Z] SessionManagerReqHand - _cleanupWindowlessSessions - Deleted Session 'fc267a70-411c-11e8-aaf4-fd43c6b6e1aa', because windowless
mages":true,"localToRemoteUrlAccessEnabled":false,"userAgent":"Mozilla/5.0 (Windows NT 6.1; WOW64) AppleWebKit/538.1 (KHTML, like Gecko) PhantomJS/2.1.1 Safari/538.1","webSecurityEnabled":true}
[INFO  - 2018-04-16T02:25:09.414Z] Session [62500af0-411d-11e8-b04f-d3220625ad60] - page.customHeaders:  - {}
[INFO  - 2018-04-16T02:25:09.414Z] Session [62500af0-411d-11e8-b04f-d3220625ad60] - Session.negotiatedCapabilities - {"browserName":"phantomjs","version":"2.1.1","driverName":"ghostdriver","driverVersion":"1.2.0","platform":"windows-7-32bit","javascriptEnabled":true,"takesScreenshot":true,"handlesAlerts":false,"databaseEnabled":false,"locationContextEnabled":false,"applicationCacheEnabled":false,"browserConnectionEnabled":false,"cssSelectorsEnabled":true,"webStorageEnabled":false,"rotatable":false,"acceptSslCerts":false,"nativeEvents":true,"proxy":{"proxyType":"direct"}}
[INFO  - 2018-04-16T02:25:09.415Z] SessionManagerReqHand - _postNewSessionCommand - New Session Created: 62500af0-411d-11e8-b04f-d3220625ad60
[INFO  - 2018-04-16T02:30:09.180Z] SessionManagerReqHand - _cleanupWindowlessSessions - Asynchronous Sessions clean-up phase starting NOW
[INFO  - 2018-04-16T02:30:09.182Z] SessionManagerReqHand - _cleanupWindowlessSessions - Deleted Session '62500af0-411d-11e8-b04f-d3220625ad60', because windowless
Images":true,"localToRemoteUrlAccessEnabled":false,"userAgent":"Mozilla/5.0 (Windows NT 6.1; WOW64) AppleWebKit/538.1 (KHTML, like Gecko) PhantomJS/2.1.1 Safari/538.1","webSecurityEnabled":true}
[INFO  - 2018-04-16T02:28:35.108Z] Session [dcea4dc0-411d-11e8-b715-2123f59d68ee] - page.customHeaders:  - {}
[INFO  - 2018-04-16T02:28:35.108Z] Session [dcea4dc0-411d-11e8-b715-2123f59d68ee] - Session.negotiatedCapabilities - {"browserName":"phantomjs","version":"2.1.1","driverName":"ghostdriver","driverVersion":"1.2.0","platform":"windows-7-32bit","javascriptEnabled":true,"takesScreenshot":true,"handlesAlerts":false,"databaseEnabled":false,"locationContextEnabled":false,"applicationCacheEnabled":false,"browserConnectionEnabled":false,"cssSelectorsEnabled":true,"webStorageEnabled":false,"rotatable":false,"acceptSslCerts":false,"nativeEvents":true,"proxy":{"proxyType":"direct"}}
[INFO  - 2018-04-16T02:28:35.108Z] SessionManagerReqHand - _postNewSessionCommand - New Session Created: dcea4dc0-411d-11e8-b715-2123f59d68ee
[INFO  - 2018-04-16T02:33:34.960Z] SessionManagerReqHand - _cleanupWindowlessSessions - Asynchronous Sessions clean-up phase starting NOW
[INFO  - 2018-04-16T02:33:34.961Z] SessionManagerReqHand - _cleanupWindowlessSessions - Deleted Session 'dcea4dc0-411d-11e8-b715-2123f59d68ee', because windowless
[INFO  - 2018-04-16T02:56:09.835Z] GhostDriver - Main - running on port 6305
[INFO  - 2018-04-16T02:56:10.153Z] Session [b7664820-4121-11e8-a6f4-71c1c0687904] - page.settings - {"XSSAuditingEnabled":false,"javascriptCanCloseWindows":true,"javascriptCanOpenWindows":true,"javascriptEnabled":true,"loadImages":true,"localToRemoteUrlAccessEnabled":false,"userAgent":"Mozilla/5.0 (Windows NT 6.1; WOW64) AppleWebKit/538.1 (KHTML, like Gecko) PhantomJS/2.1.1 Safari/538.1","webSecurityEnabled":true}
[INFO  - 2018-04-16T02:56:10.153Z] Session [b7664820-4121-11e8-a6f4-71c1c0687904] - page.customHeaders:  - {}
[INFO  - 2018-04-16T02:56:10.153Z] Session [b7664820-4121-11e8-a6f4-71c1c0687904] - Session.negotiatedCapabilities - {"browserName":"phantomjs","version":"2.1.1","driverName":"ghostdriver","driverVersion":"1.2.0","platform":"windows-7-32bit","javascriptEnabled":true,"takesScreenshot":true,"handlesAlerts":false,"databaseEnabled":false,"locationContextEnabled":false,"applicationCacheEnabled":false,"browserConnectionEnabled":false,"cssSelectorsEnabled":true,"webStorageEnabled":false,"rotatable":false,"acceptSslCerts":false,"nativeEvents":true,"proxy":{"proxyType":"direct"}}
[INFO  - 2018-04-16T02:56:10.153Z] SessionManagerReqHand - _postNewSessionCommand - New Session Created: b7664820-4121-11e8-a6f4-71c1c0687904
[INFO  - 2018-04-16T03:01:10.044Z] SessionManagerReqHand - _cleanupWindowlessSessions - Asynchronous Sessions clean-up phase starting NOW
[INFO  - 2018-04-16T03:01:10.045Z] SessionManagerReqHand - _cleanupWindowlessSessions - Deleted Session 'b7664820-4121-11e8-a6f4-71c1c0687904', because windowless
Images":true,"localToRemoteUrlAccessEnabled":false,"userAgent":"Mozilla/5.0 (Windows NT 6.1; WOW64) AppleWebKit/538.1 (KHTML, like Gecko) PhantomJS/2.1.1 Safari/538.1","webSecurityEnabled":true}
[INFO  - 2018-04-16T02:57:15.294Z] Session [de3a0270-4121-11e8-ac6e-4fe535e60fce] - page.customHeaders:  - {}
[INFO  - 2018-04-16T02:57:15.295Z] Session [de3a0270-4121-11e8-ac6e-4fe535e60fce] - Session.negotiatedCapabilities - {"browserName":"phantomjs","version":"2.1.1","driverName":"ghostdriver","driverVersion":"1.2.0","platform":"windows-7-32bit","javascriptEnabled":true,"takesScreenshot":true,"handlesAlerts":false,"databaseEnabled":false,"locationContextEnabled":false,"applicationCacheEnabled":false,"browserConnectionEnabled":false,"cssSelectorsEnabled":true,"webStorageEnabled":false,"rotatable":false,"acceptSslCerts":false,"nativeEvents":true,"proxy":{"proxyType":"direct"}}
[INFO  - 2018-04-16T02:57:15.295Z] SessionManagerReqHand - _postNewSessionCommand - New Session Created: de3a0270-4121-11e8-ac6e-4fe535e60fce
[INFO  - 2018-04-16T03:02:14.729Z] SessionManagerReqHand - _cleanupWindowlessSessions - Asynchronous Sessions clean-up phase starting NOW
[INFO  - 2018-04-16T03:02:14.731Z] SessionManagerReqHand - _cleanupWindowlessSessions - Deleted Session 'de3a0270-4121-11e8-ac6e-4fe535e60fce', because windowless
